{
  "stats": {
    "suites": 1,
    "tests": 1,
    "passes": 0,
    "pending": 0,
    "failures": 1,
    "start": "2021-06-22T11:26:28.988Z",
    "end": "2021-06-22T11:27:09.281Z",
    "duration": 40293,
    "testsRegistered": 1,
    "passPercent": 0,
    "pendingPercent": 0,
    "other": 0,
    "hasOther": false,
    "skipped": 0,
    "hasSkipped": false
  },
  "results": [
    {
      "uuid": "9bf2c0d2-8271-4c2a-9333-2671a4e2a388",
      "title": "",
      "fullFile": "cypress/integration/project/ui/tests/Test01_form.spec.js",
      "file": "cypress/integration/project/ui/tests/Test01_form.spec.js",
      "beforeHooks": [],
      "afterHooks": [],
      "tests": [],
      "suites": [
        {
          "uuid": "74ee1555-c8c5-4502-b284-a551e89890f4",
          "title": "Practise Form Suite",
          "fullFile": "",
          "file": "",
          "beforeHooks": [],
          "afterHooks": [],
          "tests": [
            {
              "title": "Fill Form Data",
              "fullTitle": "Practise Form Suite Fill Form Data",
              "timedOut": null,
              "duration": 36092,
              "state": "failed",
              "speed": null,
              "pass": false,
              "fail": true,
              "pending": false,
              "context": null,
              "code": "let Obj = new _formObjects.default();\nObj.inputFormData();",
              "err": {
                "message": "ReferenceError: el is not defined",
                "estack": "ReferenceError: el is not defined\n    at Context.eval (https://demoqa.com/__cypress/tests?p=cypress\\integration\\project\\ui\\tests\\Test01_form.spec.js:136:14)",
                "diff": null
              },
              "uuid": "6e05274e-05fa-4c0f-aaa3-237c1144c08c",
              "parentUUID": "74ee1555-c8c5-4502-b284-a551e89890f4",
              "isHook": false,
              "skipped": false
            }
          ],
          "suites": [],
          "passes": [],
          "failures": [
            "6e05274e-05fa-4c0f-aaa3-237c1144c08c"
          ],
          "pending": [],
          "skipped": [],
          "duration": 36092,
          "root": false,
          "rootEmpty": false,
          "_timeout": 2000
        }
      ],
      "passes": [],
      "failures": [],
      "pending": [],
      "skipped": [],
      "duration": 0,
      "root": true,
      "rootEmpty": true,
      "_timeout": 2000
    }
  ],
  "meta": {
    "mocha": {
      "version": "7.0.1"
    },
    "mochawesome": {
      "options": {
        "quiet": false,
        "reportFilename": "mochawesome",
        "saveHtml": false,
        "saveJson": true,
        "consoleReporter": "spec",
        "useInlineDiffs": false,
        "code": true
      },
      "version": "6.2.2"
    },
    "marge": {
      "options": {
        "id": "default",
        "reportDir": "cypress/reports/mocha",
        "quite": true,
        "overwrite": true,
        "html": false,
        "json": true
      },
      "version": "5.2.0"
    }
  }
}